<?xml version="1.0" encoding="UTF-8"?>
<!-- Generated by org.testng.reporters.JUnitReportReporter -->
<testsuite hostname="MSI" failures="0" tests="1" name="Tests.SimpleTest" time="0.011" errors="0" timestamp="2025-04-10T11:15:22 IST" skipped="0">
  <testcase classname="Tests.SimpleTest" name="simpleTest" time="0.011"/>
</testsuite> <!-- Tests.SimpleTest -->
