<?xml version="1.0" encoding="UTF-8"?>
<!-- Generated by org.testng.reporters.JUnitReportReporter -->
<testsuite hostname="MSI" failures="0" tests="1" name="Tests.ResumeTest" time="17.971" errors="0" timestamp="2025-02-18T17:46:04 IST" skipped="0">
  <testcase classname="Tests.ResumeTest" name="testlogin" time="17.971"/>
</testsuite> <!-- Tests.ResumeTest -->
