<?xml version="1.0" encoding="UTF-8"?>
<!-- Generated by org.testng.reporters.JUnitReportReporter -->
<testsuite hostname="MSI" failures="0" tests="1" name="Tests.ResumeBaseTest" time="17.513" errors="0" timestamp="2025-02-18T17:15:23 IST" skipped="0">
  <testcase classname="Tests.ResumeBaseTest" name="testlogin" time="17.513"/>
</testsuite> <!-- Tests.ResumeBaseTest -->
