<?xml version="1.0" encoding="UTF-8"?>
<!-- Generated by org.testng.reporters.JUnitReportReporter -->
<testsuite hostname="LAPTOP-5P2VQG43" failures="0" tests="1" name="Tests.ResumeTest" time="25.871" errors="0" timestamp="2025-05-15T17:52:44 IST" skipped="0">
  <testcase classname="Tests.ResumeTest" name="testlogin" time="25.871"/>
</testsuite> <!-- Tests.ResumeTest -->
