<?xml version="1.0" encoding="UTF-8"?>
<!-- Generated by org.testng.reporters.JUnitReportReporter -->
<testsuite hostname="MSI" failures="0" tests="1" name="Tests.ResumeTest" time="23.985" errors="0" timestamp="2025-04-17T10:36:24 IST" skipped="0">
  <testcase classname="Tests.ResumeTest" name="testlogin" time="23.985"/>
</testsuite> <!-- Tests.ResumeTest -->
