<?xml version="1.0" encoding="UTF-8"?>
<!-- Generated by org.testng.reporters.JUnitReportReporter -->
<testsuite hostname="MSI" failures="0" tests="1" name="Tests.ResumeTest" time="20.169" errors="0" timestamp="2025-04-10T11:05:39 IST" skipped="0">
  <testcase classname="Tests.ResumeTest" name="testlogin" time="20.169"/>
</testsuite> <!-- Tests.ResumeTest -->
